<?xml version="1.0" encoding="UTF-8"?>
<testsuite name="memory_recall" tests="55" failures="0">
  <testcase classname="window_1" name="window_1_糖度记忆" time="0.062s" />
  <testcase classname="window_1" name="window_1_冰量记忆" time="0.097s" />
  <testcase classname="window_1" name="window_1_订单号记忆" time="0.041s" />
  <testcase classname="window_1" name="window_1_位置记忆" time="0.041s" />
  <testcase classname="window_1" name="window_1_饮品偏好记忆" time="0.052s" />
  <testcase classname="window_1" name="window_1_投诉内容记忆" time="0.069s" />
  <testcase classname="window_1" name="window_1_价格记忆" time="0.118s" />
  <testcase classname="window_1" name="window_1_复合指代" time="0.025s" />
  <testcase classname="window_1" name="window_1_加料记忆" time="0.020s" />
  <testcase classname="window_1" name="window_1_温度记忆" time="0.021s" />
  <testcase classname="window_1" name="window_1_杯型记忆" time="0.017s" />
  <testcase classname="window_3" name="window_3_糖度记忆" time="0.039s" />
  <testcase classname="window_3" name="window_3_冰量记忆" time="0.095s" />
  <testcase classname="window_3" name="window_3_订单号记忆" time="0.026s" />
  <testcase classname="window_3" name="window_3_位置记忆" time="0.030s" />
  <testcase classname="window_3" name="window_3_饮品偏好记忆" time="0.039s" />
  <testcase classname="window_3" name="window_3_投诉内容记忆" time="0.049s" />
  <testcase classname="window_3" name="window_3_价格记忆" time="0.024s" />
  <testcase classname="window_3" name="window_3_复合指代" time="0.021s" />
  <testcase classname="window_3" name="window_3_加料记忆" time="0.012s" />
  <testcase classname="window_3" name="window_3_温度记忆" time="0.019s" />
  <testcase classname="window_3" name="window_3_杯型记忆" time="0.017s" />
  <testcase classname="window_5" name="window_5_糖度记忆" time="0.039s" />
  <testcase classname="window_5" name="window_5_冰量记忆" time="0.090s" />
  <testcase classname="window_5" name="window_5_订单号记忆" time="0.086s" />
  <testcase classname="window_5" name="window_5_位置记忆" time="0.041s" />
  <testcase classname="window_5" name="window_5_饮品偏好记忆" time="0.041s" />
  <testcase classname="window_5" name="window_5_投诉内容记忆" time="0.043s" />
  <testcase classname="window_5" name="window_5_价格记忆" time="0.024s" />
  <testcase classname="window_5" name="window_5_复合指代" time="0.020s" />
  <testcase classname="window_5" name="window_5_加料记忆" time="0.014s" />
  <testcase classname="window_5" name="window_5_温度记忆" time="0.023s" />
  <testcase classname="window_5" name="window_5_杯型记忆" time="0.016s" />
  <testcase classname="window_7" name="window_7_糖度记忆" time="0.038s" />
  <testcase classname="window_7" name="window_7_冰量记忆" time="0.102s" />
  <testcase classname="window_7" name="window_7_订单号记忆" time="0.051s" />
  <testcase classname="window_7" name="window_7_位置记忆" time="0.048s" />
  <testcase classname="window_7" name="window_7_饮品偏好记忆" time="0.063s" />
  <testcase classname="window_7" name="window_7_投诉内容记忆" time="0.052s" />
  <testcase classname="window_7" name="window_7_价格记忆" time="0.025s" />
  <testcase classname="window_7" name="window_7_复合指代" time="0.019s" />
  <testcase classname="window_7" name="window_7_加料记忆" time="0.013s" />
  <testcase classname="window_7" name="window_7_温度记忆" time="0.019s" />
  <testcase classname="window_7" name="window_7_杯型记忆" time="0.021s" />
  <testcase classname="window_10" name="window_10_糖度记忆" time="0.077s" />
  <testcase classname="window_10" name="window_10_冰量记忆" time="0.121s" />
  <testcase classname="window_10" name="window_10_订单号记忆" time="0.048s" />
  <testcase classname="window_10" name="window_10_位置记忆" time="0.067s" />
  <testcase classname="window_10" name="window_10_饮品偏好记忆" time="0.073s" />
  <testcase classname="window_10" name="window_10_投诉内容记忆" time="0.050s" />
  <testcase classname="window_10" name="window_10_价格记忆" time="0.025s" />
  <testcase classname="window_10" name="window_10_复合指代" time="0.020s" />
  <testcase classname="window_10" name="window_10_加料记忆" time="0.013s" />
  <testcase classname="window_10" name="window_10_温度记忆" time="0.022s" />
  <testcase classname="window_10" name="window_10_杯型记忆" time="0.017s" />
</testsuite>
